2025-09-23 19:09:10, MOVE, v:1, k:toalha, mode:PICK
2025-09-23 19:19:05, EXEC, v:1, k:toalha, mode:LOCK, rate:0, size:34
2025-09-23 19:19:16, EXEC, v:1, k:toalha, mode:LOCK, rate:0, size:34
2025-09-23 19:19:31, EXEC, v:1, k:toalha, mode:LOCK, rate:0, size:34
2025-09-23 19:19:39, EXEC, v:1, k:toalha, mode:LOCK, rate:0, size:34
2025-09-23 19:19:59, EXEC, v:1, k:toalha, mode:LOCK, rate:0, size:37
2025-09-23 19:20:53, EXEC, v:1, k:toalha, mode:LOCK, rate:0, size:37
2025-09-23 19:21:17, EXEC, v:1, k:toalha, mode:LOCK, rate:0, size:37
2025-09-23 19:21:25, EXEC, v:1, k:toalha, mode:LOCK, rate:0, size:36
2025-09-23 19:21:33, MOVE, v:1, k:toalha, mode:PICK
2025-09-23 19:21:42, EXEC, v:1, k:toalha, mode:LOCK, rate:0, size:36
2025-09-23 19:21:56, EXEC, v:1, k:toalha, mode:LOCK, rate:0, size:37
2025-09-23 19:23:07, EXEC, v:1, k:toalha, mode:LOCK, rate:0, size:36
2025-09-23 19:23:28, EXEC, v:1, k:toalha, mode:LOCK, rate:0, size:37
2025-09-23 19:23:36, MOVE, v:1, k:toalha, mode:BACK
2025-09-23 19:23:40, MOVE, v:1, k:enxugar, mode:DOWN
2025-09-23 19:23:45, MOVE, v:1, k:enxugar, mode:PICK
2025-09-23 19:24:05, EXEC, v:1, k:enxugar, mode:FULL, rate:100, size:55
2025-09-23 19:24:41, MOVE, v:1, k:enxugar, mode:BACK
2025-09-23 19:24:46, MOVE, v:1, k:enxugar, mode:DOWN
2025-09-23 19:25:15, MOVE, v:1, k:enxugar, mode:PICK
2025-09-23 19:25:43, EXEC, v:1, k:enxugar, mode:FULL, rate:0, size:56
2025-09-23 19:26:38, EXEC, v:1, k:enxugar, mode:FULL, rate:90, size:56
2025-09-23 19:27:21, EXEC, v:1, k:enxugar, mode:FULL, rate:0, size:53
2025-09-23 19:27:38, EXEC, v:1, k:enxugar, mode:FULL, rate:0, size:53
2025-09-23 19:27:58, EXEC, v:1, k:enxugar, mode:FULL, rate:0, size:53
2025-09-23 19:28:47, EXEC, v:1, k:enxugar, mode:FULL, rate:20, size:54
2025-09-23 19:29:46, EXEC, v:1, k:enxugar, mode:FULL, rate:30, size:56
2025-09-23 19:31:09, EXEC, v:1, k:enxugar, mode:FULL, rate:30
2025-09-23 19:32:48, EXEC, v:1, k:enxugar, mode:FULL, rate:30, size:56
2025-09-23 19:33:18, MOVE, v:1, k:enxugar, mode:PICK
2025-09-23 19:34:05, EXEC, v:1, k:enxugar, mode:FULL, rate:100, size:55
2025-09-23 19:34:30, MOVE, v:1, k:enxugar, mode:BACK
2025-09-23 19:35:24, SELF, v:1, k:enxugar, rate:100, study:40
2025-09-23 19:35:54, SELF, v:1, k:enxugar, rate:100, study:40
2025-09-23 19:53:52, MOVE, v:1, k:animal, mode:DOWN
2025-09-23 20:03:37, MOVE, v:1, k:animal, mode:PICK
2025-09-23 20:03:39, EXEC, v:1, k:animal, mode:FULL, rate:0, size:18
2025-09-23 20:06:03, EXEC, v:1, k:animal, mode:FULL, rate:0, size:23
2025-09-23 20:06:23, EXEC, v:1, k:animal, mode:FULL, rate:0, size:25
2025-09-23 20:06:58, EXEC, v:1, k:animal, mode:FULL, rate:0, size:25
2025-09-23 20:07:19, EXEC, v:1, k:animal, mode:FULL, rate:25, size:25
2025-09-23 20:12:24, EXEC, v:1, k:animal, mode:FULL, rate:0, size:32
2025-09-23 20:12:45, EXEC, v:1, k:animal, mode:FULL, rate:25, size:32
2025-09-23 20:15:32, EXEC, v:1, k:animal, mode:FULL, rate:0, size:33
2025-09-23 20:15:47, EXEC, v:1, k:animal, mode:FULL, rate:25, size:33
