2025-10-04 08:45:28, MOVE, v:1, k:calculadora, mode:PICK
2025-10-04 08:45:29, EXEC, v:1, k:calculadora, mode:FULL, rate:0, size:17
2025-10-04 08:50:17, EXEC, v:1, k:calculadora, mode:FULL, rate:0, size:22
2025-10-04 08:55:11, EXEC, v:1, k:calculadora, mode:FULL, rate:0, size:23
2025-10-04 09:01:53, EXEC, v:1, k:calculadora, mode:FULL, rate:0
2025-10-04 09:01:56, EXEC, v:1, k:calculadora, mode:FULL, rate:0
2025-10-04 09:01:57, EXEC, v:1, k:calculadora, mode:FULL, rate:0
2025-10-04 09:01:58, EXEC, v:1, k:calculadora, mode:FULL, rate:0
2025-10-04 09:02:01, EXEC, v:1, k:calculadora, mode:FULL, rate:0
2025-10-04 09:02:02, EXEC, v:1, k:calculadora, mode:FULL, rate:0
2025-10-04 09:06:13, EXEC, v:1, k:calculadora, mode:FULL, rate:0, size:23
2025-10-04 09:06:44, EXEC, v:1, k:calculadora, mode:FULL, rate:0, size:23
2025-10-04 09:06:58, EXEC, v:1, k:calculadora, mode:FULL, rate:9, size:25
2025-10-04 09:08:57, EXEC, v:1, k:calculadora, mode:FULL, rate:9, size:30
2025-10-04 09:10:18, EXEC, v:1, k:calculadora, mode:FULL, rate:18, size:33
2025-10-04 09:10:52, EXEC, v:1, k:calculadora, mode:FULL, rate:18, size:33
2025-10-04 09:11:03, EXEC, v:1, k:calculadora, mode:FULL, rate:36, size:33
2025-10-04 09:13:32, EXEC, v:1, k:calculadora, mode:FULL, rate:0, size:39
2025-10-04 09:14:57, EXEC, v:1, k:calculadora, mode:FULL, rate:36, size:40
2025-10-04 09:15:47, EXEC, v:1, k:calculadora, mode:FULL, rate:36, size:43
2025-10-04 09:16:09, EXEC, v:1, k:calculadora, mode:FULL, rate:72, size:44
2025-10-04 09:19:35, EXEC, v:1, k:calculadora, mode:FULL, rate:81, size:56
2025-10-04 09:19:59, EXEC, v:1, k:calculadora, mode:FULL, rate:100, size:57
2025-10-04 09:20:27, MOVE, v:1, k:calculadora, mode:BACK
2025-10-04 09:20:29, MOVE, v:1, k:calculadora, mode:PICK
2025-10-04 09:20:32, MOVE, v:1, k:calculadora, mode:BACK
2025-10-04 09:20:51, SELF, v:1, k:calculadora, rate:100, alone:10, study:40
2025-10-04 09:21:40, SELF, v:1, k:enxugar, rate:100, guide:aula, alone:8, study:40
2025-10-04 09:22:04, SELF, v:1, k:toalha, rate:100, guide:aula, alone:8, study:70
